{"uuid":"29bb3d08-d234-405f-8560-245eea20d313","historyId":"5698ea879a81daa949c5cfeb5099c7f2","fullName":"src/test/resources/features/Test.feature:2","labels":[{"name":"host","value":"DESKTOP-UPJHE7V"},{"name":"thread","value":"23164@DESKTOP-UPJHE7V.main(3)"},{"name":"feature","value":"Verify menu"},{"name":"story","value":"User can see menu after accessing page"},{"name":"suite","value":"Verify menu"},{"name":"testClass","value":"User can see menu after accessing page"},{"name":"framework","value":"cucumber4jvm"},{"name":"language","value":"java"},{"name":"gherkin_uri","value":"file:///D:/Auto/AutomationTest/src/test/resources/features/Test.feature"},{"name":"package","value":"src.test.resources.features.Test_feature.Verify menu"}],"links":[],"name":"User can see menu after accessing page","status":"failed","statusDetails":{"known":false,"muted":false,"flaky":false,"message":"expected [true] but found [false]","trace":"java.lang.AssertionError: expected [true] but found [false]\r\n\tat org.testng.Assert.fail(Assert.java:111)\r\n\tat org.testng.Assert.failNotEquals(Assert.java:1578)\r\n\tat org.testng.Assert.assertTrue(Assert.java:57)\r\n\tat org.testng.Assert.assertTrue(Assert.java:67)\r\n\tat stepDefinitions.TestSteps.userCheckMenuItemsAreDisplayed(TestSteps.java:39)\r\n\tat ✽.user check menu items are displayed(file:///D:/Auto/AutomationTest/src/test/resources/features/Test.feature:5)\r\n"},"stage":"finished","steps":[{"name":"Given  user access URL link.","status":"passed","statusDetails":{"known":false,"muted":false,"flaky":false},"stage":"finished","steps":[],"attachments":[],"parameters":[],"start":1752724244523,"stop":1752724246669},{"name":"When  Wait for the page to load and close the ads popup.","status":"passed","statusDetails":{"known":false,"muted":false,"flaky":false},"stage":"finished","steps":[],"attachments":[],"parameters":[],"start":1752724246670,"stop":1752724246775},{"name":"Then  user check menu items are displayed","status":"failed","statusDetails":{"known":false,"muted":false,"flaky":false,"message":"expected [true] but found [false]","trace":"java.lang.AssertionError: expected [true] but found [false]\r\n\tat org.testng.Assert.fail(Assert.java:111)\r\n\tat org.testng.Assert.failNotEquals(Assert.java:1578)\r\n\tat org.testng.Assert.assertTrue(Assert.java:57)\r\n\tat org.testng.Assert.assertTrue(Assert.java:67)\r\n\tat stepDefinitions.TestSteps.userCheckMenuItemsAreDisplayed(TestSteps.java:39)\r\n\tat ✽.user check menu items are displayed(file:///D:/Auto/AutomationTest/src/test/resources/features/Test.feature:5)\r\n"},"stage":"finished","steps":[],"attachments":[],"parameters":[],"start":1752724246775,"stop":1752724283892}],"attachments":[],"parameters":[],"start":1752724243327,"stop":1752724284435}